# JRE version: OpenJDK Runtime Environment Zulu13.35+17-CA (13.0.5+3) (build 13.0.5+3-MTS)
# Java VM: OpenJDK 64-Bit Server VM Zulu13.35+17-CA (13.0.5+3-MTS, mixed mode, sharing, tiered, compressed oops, g1 gc, windows-amd64)
Heap:
 garbage-first heap   total 94208K, used 52511K [0x0000000081c00000, 0x0000000100000000)
  region size 1024K, 3 young (3072K), 1 survivors (1024K)
 Metaspace       used 59138K, capacity 60700K, committed 60928K, reserved 1101824K
  class space    used 7253K, capacity 7860K, committed 7936K, reserved 1048576K
GC Heap History (20 events):
Event: 80.977 GC heap before
{Heap before GC invocations=23 (full 0):
 garbage-first heap   total 71680K, used 55006K [0x0000000081c00000, 0x0000000100000000)
  region size 1024K, 18 young (18432K), 3 survivors (3072K)
 Metaspace       used 47626K, capacity 48908K, committed 49024K, reserved 1091584K
  class space    used 5755K, capacity 6257K, committed 6272K, reserved 1048576K
}
Event: 80.984 GC heap after
{Heap after GC invocations=24 (full 0):
 garbage-first heap   total 71680K, used 41429K [0x0000000081c00000, 0x0000000100000000)
  region size 1024K, 2 young (2048K), 2 survivors (2048K)
 Metaspace       used 47626K, capacity 48908K, committed 49024K, reserved 1091584K
  class space    used 5755K, capacity 6257K, committed 6272K, reserved 1048576K
}
Event: 81.320 GC heap before
{Heap before GC invocations=24 (full 0):
 garbage-first heap   total 71680K, used 56789K [0x0000000081c00000, 0x0000000100000000)
  region size 1024K, 17 young (17408K), 2 survivors (2048K)
 Metaspace       used 48106K, capacity 49425K, committed 49664K, reserved 1093632K
  class space    used 5791K, capacity 6298K, committed 6400K, reserved 1048576K
}
Event: 81.326 GC heap after
{Heap after GC invocations=25 (full 0):
 garbage-first heap   total 71680K, used 42731K [0x0000000081c00000, 0x0000000100000000)
  region size 1024K, 3 young (3072K), 3 survivors (3072K)
 Metaspace       used 48106K, capacity 49425K, committed 49664K, reserved 1093632K
  class space    used 5791K, capacity 6298K, committed 6400K, reserved 1048576K
}
Event: 81.791 GC heap before
{Heap before GC invocations=26 (full 0):
 garbage-first heap   total 78848K, used 57067K [0x0000000081c00000, 0x0000000100000000)
  region size 1024K, 17 young (17408K), 3 survivors (3072K)
 Metaspace       used 48949K, capacity 50234K, committed 50432K, reserved 1093632K
  class space    used 5906K, capacity 6396K, committed 6400K, reserved 1048576K
}
Event: 81.798 GC heap after
{Heap after GC invocations=27 (full 0):
 garbage-first heap   total 78848K, used 44341K [0x0000000081c00000, 0x0000000100000000)
  region size 1024K, 3 young (3072K), 3 survivors (3072K)
 Metaspace       used 48949K, capacity 50234K, committed 50432K, reserved 1093632K
  class space    used 5906K, capacity 6396K, committed 6400K, reserved 1048576K
}
Event: 82.330 GC heap before
{Heap before GC invocations=27 (full 0):
 garbage-first heap   total 78848K, used 60725K [0x0000000081c00000, 0x0000000100000000)
  region size 1024K, 19 young (19456K), 3 survivors (3072K)
 Metaspace       used 49886K, capacity 51151K, committed 51456K, reserved 1093632K
  class space    used 6041K, capacity 6529K, committed 6656K, reserved 1048576K
}
Event: 82.337 GC heap after
{Heap after GC invocations=28 (full 0):
 garbage-first heap   total 78848K, used 45694K [0x0000000081c00000, 0x0000000100000000)
  region size 1024K, 2 young (2048K), 2 survivors (2048K)
 Metaspace       used 49886K, capacity 51151K, committed 51456K, reserved 1093632K
  class space    used 6041K, capacity 6529K, committed 6656K, reserved 1048576K
}
Event: 83.001 GC heap before
{Heap before GC invocations=29 (full 0):
 garbage-first heap   total 81920K, used 61054K [0x0000000081c00000, 0x0000000100000000)
  region size 1024K, 17 young (17408K), 2 survivors (2048K)
 Metaspace       used 51264K, capacity 52573K, committed 52864K, reserved 1095680K
  class space    used 6204K, capacity 6701K, committed 6784K, reserved 1048576K
}
Event: 83.007 GC heap after
{Heap after GC invocations=30 (full 0):
 garbage-first heap   total 81920K, used 46076K [0x0000000081c00000, 0x0000000100000000)
  region size 1024K, 2 young (2048K), 2 survivors (2048K)
 Metaspace       used 51264K, capacity 52573K, committed 52864K, reserved 1095680K
  class space    used 6204K, capacity 6701K, committed 6784K, reserved 1048576K
}
Event: 85.358 GC heap before
{Heap before GC invocations=30 (full 0):
 garbage-first heap   total 81920K, used 63484K [0x0000000081c00000, 0x0000000100000000)
  region size 1024K, 19 young (19456K), 2 survivors (2048K)
 Metaspace       used 52928K, capacity 54204K, committed 54400K, reserved 1097728K
  class space    used 6455K, capacity 6964K, committed 7040K, reserved 1048576K
}
Event: 85.363 GC heap after
{Heap after GC invocations=31 (full 0):
 garbage-first heap   total 81920K, used 46392K [0x0000000081c00000, 0x0000000100000000)
  region size 1024K, 2 young (2048K), 2 survivors (2048K)
 Metaspace       used 52928K, capacity 54204K, committed 54400K, reserved 1097728K
  class space    used 6455K, capacity 6964K, committed 7040K, reserved 1048576K
}
Event: 86.694 GC heap before
{Heap before GC invocations=32 (full 0):
 garbage-first heap   total 83968K, used 63800K [0x0000000081c00000, 0x0000000100000000)
  region size 1024K, 19 young (19456K), 2 survivors (2048K)
 Metaspace       used 53833K, capacity 55202K, committed 55296K, reserved 1097728K
  class space    used 6582K, capacity 7104K, committed 7168K, reserved 1048576K
}
Event: 86.700 GC heap after
{Heap after GC invocations=33 (full 0):
 garbage-first heap   total 83968K, used 47175K [0x0000000081c00000, 0x0000000100000000)
  region size 1024K, 2 young (2048K), 2 survivors (2048K)
 Metaspace       used 53833K, capacity 55202K, committed 55296K, reserved 1097728K
  class space    used 6582K, capacity 7104K, committed 7168K, reserved 1048576K
}
Event: 87.968 GC heap before
{Heap before GC invocations=33 (full 0):
 garbage-first heap   total 83968K, used 64583K [0x0000000081c00000, 0x0000000100000000)
  region size 1024K, 19 young (19456K), 2 survivors (2048K)
 Metaspace       used 54628K, capacity 56002K, committed 56192K, reserved 1097728K
  class space    used 6700K, capacity 7220K, committed 7296K, reserved 1048576K
}
Event: 87.974 GC heap after
{Heap after GC invocations=34 (full 0):
 garbage-first heap   total 83968K, used 48041K [0x0000000081c00000, 0x0000000100000000)
  region size 1024K, 2 young (2048K), 2 survivors (2048K)
 Metaspace       used 54628K, capacity 56002K, committed 56192K, reserved 1097728K
  class space    used 6700K, capacity 7220K, committed 7296K, reserved 1048576K
}
Event: 89.530 GC heap before
{Heap before GC invocations=35 (full 0):
 garbage-first heap   total 87040K, used 66473K [0x0000000081c00000, 0x0000000100000000)
  region size 1024K, 20 young (20480K), 2 survivors (2048K)
 Metaspace       used 55776K, capacity 57226K, committed 57472K, reserved 1099776K
  class space    used 6862K, capacity 7433K, committed 7552K, reserved 1048576K
}
Event: 89.536 GC heap after
{Heap after GC invocations=36 (full 0):
 garbage-first heap   total 87040K, used 49138K [0x0000000081c00000, 0x0000000100000000)
  region size 1024K, 2 young (2048K), 2 survivors (2048K)
 Metaspace       used 55776K, capacity 57226K, committed 57472K, reserved 1099776K
  class space    used 6862K, capacity 7433K, committed 7552K, reserved 1048576K
}
Event: 106.638 GC heap before
{Heap before GC invocations=36 (full 0):
 garbage-first heap   total 87040K, used 68594K [0x0000000081c00000, 0x0000000100000000)
  region size 1024K, 21 young (21504K), 2 survivors (2048K)
 Metaspace       used 58364K, capacity 59856K, committed 60032K, reserved 1101824K
  class space    used 7166K, capacity 7752K, committed 7808K, reserved 1048576K
}
Event: 106.646 GC heap after
{Heap after GC invocations=37 (full 0):
 garbage-first heap   total 87040K, used 50863K [0x0000000081c00000, 0x0000000100000000)
  region size 1024K, 3 young (3072K), 3 survivors (3072K)
 Metaspace       used 58364K, capacity 59856K, committed 60032K, reserved 1101824K
  class space    used 7166K, capacity 7752K, committed 7808K, reserved 1048576K
}

