# JRE version: OpenJDK Runtime Environment Zulu13.35+17-CA (13.0.5+3) (build 13.0.5+3-MTS)
# Java VM: OpenJDK 64-Bit Server VM Zulu13.35+17-CA (13.0.5+3-MTS, mixed mode, sharing, tiered, compressed oops, g1 gc, windows-amd64)
Heap:
 garbage-first heap   total 99328K, used 80161K [0x0000000081c00000, 0x0000000100000000)
  region size 1024K, 30 young (30720K), 1 survivors (1024K)
 Metaspace       used 76224K, capacity 78875K, committed 78976K, reserved 1118208K
  class space    used 8914K, capacity 9833K, committed 9856K, reserved 1048576K
GC Heap History (20 events):
Event: 8265.166 GC heap before
{Heap before GC invocations=327 (full 0):
 garbage-first heap   total 99328K, used 86154K [0x0000000081c00000, 0x0000000100000000)
  region size 1024K, 34 young (34816K), 1 survivors (1024K)
 Metaspace       used 76170K, capacity 78808K, committed 78976K, reserved 1118208K
  class space    used 8914K, capacity 9833K, committed 9856K, reserved 1048576K
}
Event: 8265.168 GC heap after
{Heap after GC invocations=328 (full 0):
 garbage-first heap   total 99328K, used 52381K [0x0000000081c00000, 0x0000000100000000)
  region size 1024K, 1 young (1024K), 1 survivors (1024K)
 Metaspace       used 76170K, capacity 78808K, committed 78976K, reserved 1118208K
  class space    used 8914K, capacity 9833K, committed 9856K, reserved 1048576K
}
Event: 8294.760 GC heap before
{Heap before GC invocations=328 (full 0):
 garbage-first heap   total 99328K, used 86173K [0x0000000081c00000, 0x0000000100000000)
  region size 1024K, 34 young (34816K), 1 survivors (1024K)
 Metaspace       used 76170K, capacity 78808K, committed 78976K, reserved 1118208K
  class space    used 8914K, capacity 9833K, committed 9856K, reserved 1048576K
}
Event: 8294.762 GC heap after
{Heap after GC invocations=329 (full 0):
 garbage-first heap   total 99328K, used 52348K [0x0000000081c00000, 0x0000000100000000)
  region size 1024K, 1 young (1024K), 1 survivors (1024K)
 Metaspace       used 76170K, capacity 78808K, committed 78976K, reserved 1118208K
  class space    used 8914K, capacity 9833K, committed 9856K, reserved 1048576K
}
Event: 8304.784 GC heap before
{Heap before GC invocations=329 (full 0):
 garbage-first heap   total 99328K, used 86140K [0x0000000081c00000, 0x0000000100000000)
  region size 1024K, 34 young (34816K), 1 survivors (1024K)
 Metaspace       used 76170K, capacity 78808K, committed 78976K, reserved 1118208K
  class space    used 8914K, capacity 9833K, committed 9856K, reserved 1048576K
}
Event: 8304.786 GC heap after
{Heap after GC invocations=330 (full 0):
 garbage-first heap   total 99328K, used 52320K [0x0000000081c00000, 0x0000000100000000)
  region size 1024K, 1 young (1024K), 1 survivors (1024K)
 Metaspace       used 76170K, capacity 78808K, committed 78976K, reserved 1118208K
  class space    used 8914K, capacity 9833K, committed 9856K, reserved 1048576K
}
Event: 8351.505 GC heap before
{Heap before GC invocations=330 (full 0):
 garbage-first heap   total 99328K, used 86112K [0x0000000081c00000, 0x0000000100000000)
  region size 1024K, 34 young (34816K), 1 survivors (1024K)
 Metaspace       used 76187K, capacity 78808K, committed 78976K, reserved 1118208K
  class space    used 8914K, capacity 9833K, committed 9856K, reserved 1048576K
}
Event: 8351.508 GC heap after
{Heap after GC invocations=331 (full 0):
 garbage-first heap   total 99328K, used 52472K [0x0000000081c00000, 0x0000000100000000)
  region size 1024K, 1 young (1024K), 1 survivors (1024K)
 Metaspace       used 76187K, capacity 78808K, committed 78976K, reserved 1118208K
  class space    used 8914K, capacity 9833K, committed 9856K, reserved 1048576K
}
Event: 8366.464 GC heap before
{Heap before GC invocations=331 (full 0):
 garbage-first heap   total 99328K, used 86264K [0x0000000081c00000, 0x0000000100000000)
  region size 1024K, 34 young (34816K), 1 survivors (1024K)
 Metaspace       used 76187K, capacity 78808K, committed 78976K, reserved 1118208K
  class space    used 8914K, capacity 9833K, committed 9856K, reserved 1048576K
}
Event: 8366.488 GC heap after
{Heap after GC invocations=332 (full 0):
 garbage-first heap   total 99328K, used 52394K [0x0000000081c00000, 0x0000000100000000)
  region size 1024K, 1 young (1024K), 1 survivors (1024K)
 Metaspace       used 76187K, capacity 78808K, committed 78976K, reserved 1118208K
  class space    used 8914K, capacity 9833K, committed 9856K, reserved 1048576K
}
Event: 8386.381 GC heap before
{Heap before GC invocations=332 (full 0):
 garbage-first heap   total 99328K, used 86186K [0x0000000081c00000, 0x0000000100000000)
  region size 1024K, 34 young (34816K), 1 survivors (1024K)
 Metaspace       used 76187K, capacity 78808K, committed 78976K, reserved 1118208K
  class space    used 8914K, capacity 9833K, committed 9856K, reserved 1048576K
}
Event: 8386.385 GC heap after
{Heap after GC invocations=333 (full 0):
 garbage-first heap   total 99328K, used 52416K [0x0000000081c00000, 0x0000000100000000)
  region size 1024K, 1 young (1024K), 1 survivors (1024K)
 Metaspace       used 76187K, capacity 78808K, committed 78976K, reserved 1118208K
  class space    used 8914K, capacity 9833K, committed 9856K, reserved 1048576K
}
Event: 8407.344 GC heap before
{Heap before GC invocations=333 (full 0):
 garbage-first heap   total 99328K, used 86208K [0x0000000081c00000, 0x0000000100000000)
  region size 1024K, 34 young (34816K), 1 survivors (1024K)
 Metaspace       used 76187K, capacity 78808K, committed 78976K, reserved 1118208K
  class space    used 8914K, capacity 9833K, committed 9856K, reserved 1048576K
}
Event: 8407.346 GC heap after
{Heap after GC invocations=334 (full 0):
 garbage-first heap   total 99328K, used 52339K [0x0000000081c00000, 0x0000000100000000)
  region size 1024K, 1 young (1024K), 1 survivors (1024K)
 Metaspace       used 76187K, capacity 78808K, committed 78976K, reserved 1118208K
  class space    used 8914K, capacity 9833K, committed 9856K, reserved 1048576K
}
Event: 8420.435 GC heap before
{Heap before GC invocations=334 (full 0):
 garbage-first heap   total 99328K, used 86131K [0x0000000081c00000, 0x0000000100000000)
  region size 1024K, 34 young (34816K), 1 survivors (1024K)
 Metaspace       used 76187K, capacity 78808K, committed 78976K, reserved 1118208K
  class space    used 8914K, capacity 9833K, committed 9856K, reserved 1048576K
}
Event: 8420.437 GC heap after
{Heap after GC invocations=335 (full 0):
 garbage-first heap   total 99328K, used 52306K [0x0000000081c00000, 0x0000000100000000)
  region size 1024K, 1 young (1024K), 1 survivors (1024K)
 Metaspace       used 76187K, capacity 78808K, committed 78976K, reserved 1118208K
  class space    used 8914K, capacity 9833K, committed 9856K, reserved 1048576K
}
Event: 8433.579 GC heap before
{Heap before GC invocations=335 (full 0):
 garbage-first heap   total 99328K, used 86098K [0x0000000081c00000, 0x0000000100000000)
  region size 1024K, 34 young (34816K), 1 survivors (1024K)
 Metaspace       used 76192K, capacity 78809K, committed 78976K, reserved 1118208K
  class space    used 8914K, capacity 9833K, committed 9856K, reserved 1048576K
}
Event: 8433.647 GC heap after
{Heap after GC invocations=336 (full 0):
 garbage-first heap   total 99328K, used 52288K [0x0000000081c00000, 0x0000000100000000)
  region size 1024K, 1 young (1024K), 1 survivors (1024K)
 Metaspace       used 76192K, capacity 78809K, committed 78976K, reserved 1118208K
  class space    used 8914K, capacity 9833K, committed 9856K, reserved 1048576K
}
Event: 8504.982 GC heap before
{Heap before GC invocations=336 (full 0):
 garbage-first heap   total 99328K, used 86080K [0x0000000081c00000, 0x0000000100000000)
  region size 1024K, 34 young (34816K), 1 survivors (1024K)
 Metaspace       used 76196K, capacity 78809K, committed 78976K, reserved 1118208K
  class space    used 8914K, capacity 9833K, committed 9856K, reserved 1048576K
}
Event: 8504.985 GC heap after
{Heap after GC invocations=337 (full 0):
 garbage-first heap   total 99328K, used 52513K [0x0000000081c00000, 0x0000000100000000)
  region size 1024K, 1 young (1024K), 1 survivors (1024K)
 Metaspace       used 76196K, capacity 78809K, committed 78976K, reserved 1118208K
  class space    used 8914K, capacity 9833K, committed 9856K, reserved 1048576K
}

