# JRE version: OpenJDK Runtime Environment Zulu13.35+17-CA (13.0.5+3) (build 13.0.5+3-MTS)
# Java VM: OpenJDK 64-Bit Server VM Zulu13.35+17-CA (13.0.5+3-MTS, mixed mode, sharing, tiered, compressed oops, g1 gc, windows-amd64)
Heap:
 garbage-first heap   total 109568K, used 62005K [0x0000000081c00000, 0x0000000100000000)
  region size 1024K, 10 young (10240K), 5 survivors (5120K)
 Metaspace       used 69301K, capacity 71611K, committed 71936K, reserved 1112064K
  class space    used 8459K, capacity 9334K, committed 9472K, reserved 1048576K
GC Heap History (20 events):
Event: 22.358 GC heap before
{Heap before GC invocations=25 (full 0):
 garbage-first heap   total 80896K, used 63912K [0x0000000081c00000, 0x0000000100000000)
  region size 1024K, 21 young (21504K), 3 survivors (3072K)
 Metaspace       used 49976K, capacity 51323K, committed 51456K, reserved 1093632K
  class space    used 6053K, capacity 6563K, committed 6656K, reserved 1048576K
}
Event: 22.364 GC heap after
{Heap after GC invocations=26 (full 0):
 garbage-first heap   total 80896K, used 46759K [0x0000000081c00000, 0x0000000100000000)
  region size 1024K, 2 young (2048K), 2 survivors (2048K)
 Metaspace       used 49976K, capacity 51323K, committed 51456K, reserved 1093632K
  class space    used 6053K, capacity 6563K, committed 6656K, reserved 1048576K
}
Event: 22.666 GC heap before
{Heap before GC invocations=27 (full 0):
 garbage-first heap   total 89088K, used 64167K [0x0000000081c00000, 0x0000000100000000)
  region size 1024K, 19 young (19456K), 2 survivors (2048K)
 Metaspace       used 51542K, capacity 52806K, committed 52864K, reserved 1095680K
  class space    used 6243K, capacity 6734K, committed 6784K, reserved 1048576K
}
Event: 22.670 GC heap after
{Heap after GC invocations=28 (full 0):
 garbage-first heap   total 89088K, used 47161K [0x0000000081c00000, 0x0000000100000000)
  region size 1024K, 2 young (2048K), 2 survivors (2048K)
 Metaspace       used 51542K, capacity 52806K, committed 52864K, reserved 1095680K
  class space    used 6243K, capacity 6734K, committed 6784K, reserved 1048576K
}
Event: 22.976 GC heap before
{Heap before GC invocations=28 (full 0):
 garbage-first heap   total 89088K, used 68665K [0x0000000081c00000, 0x0000000100000000)
  region size 1024K, 23 young (23552K), 2 survivors (2048K)
 Metaspace       used 53350K, capacity 54677K, committed 54912K, reserved 1097728K
  class space    used 6521K, capacity 7034K, committed 7040K, reserved 1048576K
}
Event: 22.984 GC heap after
{Heap after GC invocations=29 (full 0):
 garbage-first heap   total 89088K, used 47905K [0x0000000081c00000, 0x0000000100000000)
  region size 1024K, 2 young (2048K), 2 survivors (2048K)
 Metaspace       used 53350K, capacity 54677K, committed 54912K, reserved 1097728K
  class space    used 6521K, capacity 7034K, committed 7040K, reserved 1048576K
}
Event: 23.365 GC heap before
{Heap before GC invocations=30 (full 0):
 garbage-first heap   total 91136K, used 69409K [0x0000000081c00000, 0x0000000100000000)
  region size 1024K, 23 young (23552K), 2 survivors (2048K)
 Metaspace       used 54513K, capacity 55934K, committed 56192K, reserved 1097728K
  class space    used 6684K, capacity 7217K, committed 7296K, reserved 1048576K
}
Event: 23.374 GC heap after
{Heap after GC invocations=31 (full 0):
 garbage-first heap   total 109568K, used 48879K [0x0000000081c00000, 0x0000000100000000)
  region size 1024K, 3 young (3072K), 3 survivors (3072K)
 Metaspace       used 54513K, capacity 55934K, committed 56192K, reserved 1097728K
  class space    used 6684K, capacity 7217K, committed 7296K, reserved 1048576K
}
Event: 23.884 GC heap before
{Heap before GC invocations=31 (full 0):
 garbage-first heap   total 109568K, used 78575K [0x0000000081c00000, 0x0000000100000000)
  region size 1024K, 32 young (32768K), 3 survivors (3072K)
 Metaspace       used 56035K, capacity 57462K, committed 57728K, reserved 1099776K
  class space    used 6896K, capacity 7443K, committed 7552K, reserved 1048576K
}
Event: 23.891 GC heap after
{Heap after GC invocations=32 (full 0):
 garbage-first heap   total 109568K, used 50623K [0x0000000081c00000, 0x0000000100000000)
  region size 1024K, 4 young (4096K), 4 survivors (4096K)
 Metaspace       used 56035K, capacity 57462K, committed 57728K, reserved 1099776K
  class space    used 6896K, capacity 7443K, committed 7552K, reserved 1048576K
}
Event: 41.170 GC heap before
{Heap before GC invocations=32 (full 0):
 garbage-first heap   total 109568K, used 81343K [0x0000000081c00000, 0x0000000100000000)
  region size 1024K, 34 young (34816K), 4 survivors (4096K)
 Metaspace       used 58885K, capacity 60469K, committed 60672K, reserved 1101824K
  class space    used 7228K, capacity 7846K, committed 7936K, reserved 1048576K
}
Event: 41.178 GC heap after
{Heap after GC invocations=33 (full 0):
 garbage-first heap   total 109568K, used 52300K [0x0000000081c00000, 0x0000000100000000)
  region size 1024K, 5 young (5120K), 5 survivors (5120K)
 Metaspace       used 58885K, capacity 60469K, committed 60672K, reserved 1101824K
  class space    used 7228K, capacity 7846K, committed 7936K, reserved 1048576K
}
Event: 47.866 GC heap before
{Heap before GC invocations=33 (full 0):
 garbage-first heap   total 109568K, used 83020K [0x0000000081c00000, 0x0000000100000000)
  region size 1024K, 35 young (35840K), 5 survivors (5120K)
 Metaspace       used 61701K, capacity 63542K, committed 63616K, reserved 1103872K
  class space    used 7567K, capacity 8261K, committed 8320K, reserved 1048576K
}
Event: 47.877 GC heap after
{Heap after GC invocations=34 (full 0):
 garbage-first heap   total 109568K, used 53856K [0x0000000081c00000, 0x0000000100000000)
  region size 1024K, 4 young (4096K), 4 survivors (4096K)
 Metaspace       used 61701K, capacity 63542K, committed 63616K, reserved 1103872K
  class space    used 7567K, capacity 8261K, committed 8320K, reserved 1048576K
}
Event: 73.973 GC heap before
{Heap before GC invocations=34 (full 0):
 garbage-first heap   total 109568K, used 84576K [0x0000000081c00000, 0x0000000100000000)
  region size 1024K, 35 young (35840K), 4 survivors (4096K)
 Metaspace       used 64321K, capacity 66351K, committed 66560K, reserved 1107968K
  class space    used 7859K, capacity 8631K, committed 8704K, reserved 1048576K
}
Event: 73.983 GC heap after
{Heap after GC invocations=35 (full 0):
 garbage-first heap   total 109568K, used 55679K [0x0000000081c00000, 0x0000000100000000)
  region size 1024K, 4 young (4096K), 4 survivors (4096K)
 Metaspace       used 64321K, capacity 66351K, committed 66560K, reserved 1107968K
  class space    used 7859K, capacity 8631K, committed 8704K, reserved 1048576K
}
Event: 85.170 GC heap before
{Heap before GC invocations=36 (full 0):
 garbage-first heap   total 109568K, used 85375K [0x0000000081c00000, 0x0000000100000000)
  region size 1024K, 34 young (34816K), 4 survivors (4096K)
 Metaspace       used 68080K, capacity 70396K, committed 70528K, reserved 1110016K
  class space    used 8396K, capacity 9252K, committed 9344K, reserved 1048576K
}
Event: 85.179 GC heap after
{Heap after GC invocations=37 (full 0):
 garbage-first heap   total 109568K, used 57245K [0x0000000081c00000, 0x0000000100000000)
  region size 1024K, 4 young (4096K), 4 survivors (4096K)
 Metaspace       used 68080K, capacity 70396K, committed 70528K, reserved 1110016K
  class space    used 8396K, capacity 9252K, committed 9344K, reserved 1048576K
}
Event: 85.667 GC heap before
{Heap before GC invocations=37 (full 0):
 garbage-first heap   total 109568K, used 58269K [0x0000000081c00000, 0x0000000100000000)
  region size 1024K, 5 young (5120K), 4 survivors (4096K)
 Metaspace       used 68132K, capacity 70396K, committed 70528K, reserved 1110016K
  class space    used 8400K, capacity 9252K, committed 9344K, reserved 1048576K
}
Event: 85.681 GC heap after
{Heap after GC invocations=38 (full 0):
 garbage-first heap   total 109568K, used 53210K [0x0000000081c00000, 0x0000000100000000)
  region size 1024K, 1 young (1024K), 1 survivors (1024K)
 Metaspace       used 68132K, capacity 70396K, committed 70528K, reserved 1110016K
  class space    used 8400K, capacity 9252K, committed 9344K, reserved 1048576K
}

